<?xml version="1.0" encoding="UTF-8"?>
<coverage generated="1789993106975" clover="3.2.0">
  <project timestamp="1789993106976" name="All files">
    <metrics statements="85" coveredstatements="81" conditionals="59" coveredconditionals="57" methods="11" coveredmethods="9" elements="155" coveredelements="147" complexity="0" loc="85" ncloc="85" packages="1" files="1" classes="1"/>
    <file name="server.js" path="/home/user/info4project/backend/server.js">
      <metrics statements="85" coveredstatements="81" conditionals="59" coveredconditionals="57" methods="11" coveredmethods="9"/>
      <line num="1" count="1" type="stmt"/>
      <line num="2" count="1" type="stmt"/>
      <line num="4" count="1" type="stmt"/>
      <line num="5" count="1" type="cond" truecount="2" falsecount="0"/>
      <line num="7" count="1" type="stmt"/>
      <line num="8" count="1" type="stmt"/>
      <line num="10" count="1" type="stmt"/>
      <line num="11" count="1" type="stmt"/>
      <line num="14" count="1" type="stmt"/>
      <line num="15" count="43" type="stmt"/>
      <line num="17" count="43" type="cond" truecount="2" falsecount="0"/>
      <line num="18" count="38" type="cond" truecount="4" falsecount="0"/>
      <line num="19" count="1" type="stmt"/>
      <line num="23" count="43" type="cond" truecount="4" falsecount="1"/>
      <line num="24" count="0" type="stmt"/>
      <line num="27" count="43" type="cond" truecount="2" falsecount="0"/>
      <line num="28" count="15" type="cond" truecount="2" falsecount="0"/>
      <line num="29" count="2" type="stmt"/>
      <line num="33" count="43" type="cond" truecount="2" falsecount="0"/>
      <line num="34" count="3" type="cond" truecount="2" falsecount="0"/>
      <line num="35" count="1" type="stmt"/>
      <line num="39" count="43" type="cond" truecount="2" falsecount="0"/>
      <line num="40" count="2" type="stmt"/>
      <line num="41" count="2" type="cond" truecount="2" falsecount="0"/>
      <line num="42" count="1" type="stmt"/>
      <line num="46" count="43" type="stmt"/>
      <line num="50" count="1" type="stmt"/>
      <line num="51" count="6" type="stmt"/>
      <line num="59" count="1" type="stmt"/>
      <line num="60" count="35" type="stmt"/>
      <line num="62" count="35" type="cond" truecount="2" falsecount="0"/>
      <line num="63" count="1" type="stmt"/>
      <line num="69" count="34" type="stmt"/>
      <line num="70" count="34" type="cond" truecount="2" falsecount="0"/>
      <line num="71" count="3" type="stmt"/>
      <line num="77" count="31" type="stmt"/>
      <line num="88" count="31" type="stmt"/>
      <line num="90" count="31" type="stmt"/>
      <line num="97" count="1" type="stmt"/>
      <line num="98" count="8" type="stmt"/>
      <line num="99" count="8" type="stmt"/>
      <line num="101" count="8" type="cond" truecount="2" falsecount="0"/>
      <line num="102" count="2" type="stmt"/>
      <line num="108" count="78" type="stmt"/>
      <line num="110" count="6" type="cond" truecount="2" falsecount="0"/>
      <line num="111" count="2" type="stmt"/>
      <line num="117" count="4" type="stmt"/>
      <line num="124" count="1" type="stmt"/>
      <line num="125" count="11" type="stmt"/>
      <line num="126" count="11" type="stmt"/>
      <line num="128" count="11" type="cond" truecount="2" falsecount="0"/>
      <line num="129" count="1" type="stmt"/>
      <line num="135" count="148" type="stmt"/>
      <line num="137" count="10" type="cond" truecount="2" falsecount="0"/>
      <line num="138" count="1" type="stmt"/>
      <line num="144" count="9" type="stmt"/>
      <line num="146" count="9" type="stmt"/>
      <line num="147" count="9" type="cond" truecount="2" falsecount="0"/>
      <line num="148" count="2" type="stmt"/>
      <line num="154" count="7" type="cond" truecount="2" falsecount="0"/>
      <line num="155" count="4" type="stmt"/>
      <line num="157" count="7" type="cond" truecount="2" falsecount="0"/>
      <line num="158" count="2" type="stmt"/>
      <line num="160" count="7" type="cond" truecount="2" falsecount="0"/>
      <line num="161" count="2" type="stmt"/>
      <line num="163" count="7" type="cond" truecount="2" falsecount="0"/>
      <line num="164" count="2" type="stmt"/>
      <line num="167" count="7" type="stmt"/>
      <line num="169" count="7" type="stmt"/>
      <line num="176" count="1" type="stmt"/>
      <line num="177" count="6" type="stmt"/>
      <line num="178" count="6" type="stmt"/>
      <line num="180" count="6" type="cond" truecount="2" falsecount="0"/>
      <line num="181" count="1" type="stmt"/>
      <line num="187" count="104" type="stmt"/>
      <line num="189" count="5" type="cond" truecount="2" falsecount="0"/>
      <line num="190" count="1" type="stmt"/>
      <line num="196" count="4" type="stmt"/>
      <line num="198" count="4" type="stmt"/>
      <line num="205" count="1" type="stmt"/>
      <line num="206" count="0" type="stmt"/>
      <line num="209" count="1" type="cond" truecount="1" falsecount="1"/>
      <line num="210" count="0" type="stmt"/>
      <line num="211" count="0" type="stmt"/>
      <line num="215" count="1" type="stmt"/>
    </file>
  </project>
</coverage>
