{"/home/user/info4project/backend/server.js": {"path":"/home/user/info4project/backend/server.js","statementMap":{"0":{"start":{"line":1,"column":16},"end":{"line":1,"column":34}},"1":{"start":{"line":2,"column":13},"end":{"line":2,"column":28}},"2":{"start":{"line":4,"column":12},"end":{"line":4,"column":21}},"3":{"start":{"line":5,"column":13},"end":{"line":5,"column":37}},"4":{"start":{"line":7,"column":0},"end":{"line":7,"column":16}},"5":{"start":{"line":8,"column":0},"end":{"line":8,"column":24}},"6":{"start":{"line":10,"column":12},"end":{"line":10,"column":14}},"7":{"start":{"line":11,"column":13},"end":{"line":11,"column":14}},"8":{"start":{"line":14,"column":21},"end":{"line":47,"column":1}},"9":{"start":{"line":15,"column":17},"end":{"line":15,"column":19}},"10":{"start":{"line":17,"column":2},"end":{"line":21,"column":3}},"11":{"start":{"line":18,"column":4},"end":{"line":20,"column":5}},"12":{"start":{"line":19,"column":6},"end":{"line":19,"column":54}},"13":{"start":{"line":23,"column":2},"end":{"line":25,"column":3}},"14":{"start":{"line":24,"column":4},"end":{"line":24,"column":48}},"15":{"start":{"line":27,"column":2},"end":{"line":31,"column":3}},"16":{"start":{"line":28,"column":4},"end":{"line":30,"column":5}},"17":{"start":{"line":29,"column":6},"end":{"line":29,"column":64}},"18":{"start":{"line":33,"column":2},"end":{"line":37,"column":3}},"19":{"start":{"line":34,"column":4},"end":{"line":36,"column":5}},"20":{"start":{"line":35,"column":6},"end":{"line":35,"column":76}},"21":{"start":{"line":39,"column":2},"end":{"line":44,"column":3}},"22":{"start":{"line":40,"column":17},"end":{"line":40,"column":39}},"23":{"start":{"line":41,"column":4},"end":{"line":43,"column":5}},"24":{"start":{"line":42,"column":6},"end":{"line":42,"column":50}},"25":{"start":{"line":46,"column":2},"end":{"line":46,"column":16}},"26":{"start":{"line":50,"column":0},"end":{"line":56,"column":3}},"27":{"start":{"line":51,"column":2},"end":{"line":55,"column":5}},"28":{"start":{"line":59,"column":0},"end":{"line":94,"column":3}},"29":{"start":{"line":60,"column":52},"end":{"line":60,"column":60}},"30":{"start":{"line":62,"column":2},"end":{"line":67,"column":3}},"31":{"start":{"line":63,"column":4},"end":{"line":66,"column":7}},"32":{"start":{"line":69,"column":17},"end":{"line":69,"column":72}},"33":{"start":{"line":70,"column":2},"end":{"line":75,"column":3}},"34":{"start":{"line":71,"column":4},"end":{"line":74,"column":7}},"35":{"start":{"line":77,"column":18},"end":{"line":86,"column":3}},"36":{"start":{"line":88,"column":2},"end":{"line":88,"column":22}},"37":{"start":{"line":90,"column":2},"end":{"line":93,"column":5}},"38":{"start":{"line":97,"column":0},"end":{"line":121,"column":3}},"39":{"start":{"line":98,"column":17},"end":{"line":98,"column":27}},"40":{"start":{"line":99,"column":17},"end":{"line":99,"column":33}},"41":{"start":{"line":101,"column":2},"end":{"line":106,"column":3}},"42":{"start":{"line":102,"column":4},"end":{"line":105,"column":7}},"43":{"start":{"line":108,"column":15},"end":{"line":108,"column":47}},"44":{"start":{"line":108,"column":31},"end":{"line":108,"column":46}},"45":{"start":{"line":110,"column":2},"end":{"line":115,"column":3}},"46":{"start":{"line":111,"column":4},"end":{"line":114,"column":7}},"47":{"start":{"line":117,"column":2},"end":{"line":120,"column":5}},"48":{"start":{"line":124,"column":0},"end":{"line":173,"column":3}},"49":{"start":{"line":125,"column":17},"end":{"line":125,"column":27}},"50":{"start":{"line":126,"column":17},"end":{"line":126,"column":33}},"51":{"start":{"line":128,"column":2},"end":{"line":133,"column":3}},"52":{"start":{"line":129,"column":4},"end":{"line":132,"column":7}},"53":{"start":{"line":135,"column":15},"end":{"line":135,"column":47}},"54":{"start":{"line":135,"column":31},"end":{"line":135,"column":46}},"55":{"start":{"line":137,"column":2},"end":{"line":142,"column":3}},"56":{"start":{"line":138,"column":4},"end":{"line":141,"column":7}},"57":{"start":{"line":144,"column":51},"end":{"line":144,"column":59}},"58":{"start":{"line":146,"column":17},"end":{"line":146,"column":71}},"59":{"start":{"line":147,"column":2},"end":{"line":152,"column":3}},"60":{"start":{"line":148,"column":4},"end":{"line":151,"column":7}},"61":{"start":{"line":154,"column":2},"end":{"line":156,"column":3}},"62":{"start":{"line":155,"column":4},"end":{"line":155,"column":30}},"63":{"start":{"line":157,"column":2},"end":{"line":159,"column":3}},"64":{"start":{"line":158,"column":4},"end":{"line":158,"column":35}},"65":{"start":{"line":160,"column":2},"end":{"line":162,"column":3}},"66":{"start":{"line":161,"column":4},"end":{"line":161,"column":25}},"67":{"start":{"line":163,"column":2},"end":{"line":165,"column":3}},"68":{"start":{"line":164,"column":4},"end":{"line":164,"column":29}},"69":{"start":{"line":167,"column":2},"end":{"line":167,"column":44}},"70":{"start":{"line":169,"column":2},"end":{"line":172,"column":5}},"71":{"start":{"line":176,"column":0},"end":{"line":202,"column":3}},"72":{"start":{"line":177,"column":17},"end":{"line":177,"column":27}},"73":{"start":{"line":178,"column":17},"end":{"line":178,"column":33}},"74":{"start":{"line":180,"column":2},"end":{"line":185,"column":3}},"75":{"start":{"line":181,"column":4},"end":{"line":184,"column":7}},"76":{"start":{"line":187,"column":20},"end":{"line":187,"column":57}},"77":{"start":{"line":187,"column":41},"end":{"line":187,"column":56}},"78":{"start":{"line":189,"column":2},"end":{"line":194,"column":3}},"79":{"start":{"line":190,"column":4},"end":{"line":193,"column":7}},"80":{"start":{"line":196,"column":2},"end":{"line":196,"column":29}},"81":{"start":{"line":198,"column":2},"end":{"line":201,"column":5}},"82":{"start":{"line":205,"column":0},"end":{"line":207,"column":3}},"83":{"start":{"line":206,"column":2},"end":{"line":206,"column":29}},"84":{"start":{"line":209,"column":0},"end":{"line":213,"column":1}},"85":{"start":{"line":210,"column":2},"end":{"line":212,"column":5}},"86":{"start":{"line":211,"column":4},"end":{"line":211,"column":63}},"87":{"start":{"line":215,"column":0},"end":{"line":215,"column":21}}},"fnMap":{"0":{"name":"(anonymous_0)","decl":{"start":{"line":14,"column":21},"end":{"line":14,"column":22}},"loc":{"start":{"line":14,"column":31},"end":{"line":47,"column":1}},"line":14},"1":{"name":"(anonymous_1)","decl":{"start":{"line":50,"column":22},"end":{"line":50,"column":23}},"loc":{"start":{"line":50,"column":36},"end":{"line":56,"column":1}},"line":50},"2":{"name":"(anonymous_2)","decl":{"start":{"line":59,"column":23},"end":{"line":59,"column":24}},"loc":{"start":{"line":59,"column":37},"end":{"line":94,"column":1}},"line":59},"3":{"name":"(anonymous_3)","decl":{"start":{"line":97,"column":26},"end":{"line":97,"column":27}},"loc":{"start":{"line":97,"column":40},"end":{"line":121,"column":1}},"line":97},"4":{"name":"(anonymous_4)","decl":{"start":{"line":108,"column":26},"end":{"line":108,"column":27}},"loc":{"start":{"line":108,"column":31},"end":{"line":108,"column":46}},"line":108},"5":{"name":"(anonymous_5)","decl":{"start":{"line":124,"column":26},"end":{"line":124,"column":27}},"loc":{"start":{"line":124,"column":40},"end":{"line":173,"column":1}},"line":124},"6":{"name":"(anonymous_6)","decl":{"start":{"line":135,"column":26},"end":{"line":135,"column":27}},"loc":{"start":{"line":135,"column":31},"end":{"line":135,"column":46}},"line":135},"7":{"name":"(anonymous_7)","decl":{"start":{"line":176,"column":29},"end":{"line":176,"column":30}},"loc":{"start":{"line":176,"column":43},"end":{"line":202,"column":1}},"line":176},"8":{"name":"(anonymous_8)","decl":{"start":{"line":187,"column":36},"end":{"line":187,"column":37}},"loc":{"start":{"line":187,"column":41},"end":{"line":187,"column":56}},"line":187},"9":{"name":"(anonymous_9)","decl":{"start":{"line":205,"column":19},"end":{"line":205,"column":20}},"loc":{"start":{"line":205,"column":33},"end":{"line":207,"column":1}},"line":205},"10":{"name":"(anonymous_10)","decl":{"start":{"line":210,"column":19},"end":{"line":210,"column":20}},"loc":{"start":{"line":210,"column":25},"end":{"line":212,"column":3}},"line":210}},"branchMap":{"0":{"loc":{"start":{"line":5,"column":13},"end":{"line":5,"column":37}},"type":"binary-expr","locations":[{"start":{"line":5,"column":13},"end":{"line":5,"column":29}},{"start":{"line":5,"column":33},"end":{"line":5,"column":37}}],"line":5},"1":{"loc":{"start":{"line":17,"column":2},"end":{"line":21,"column":3}},"type":"if","locations":[{"start":{"line":17,"column":2},"end":{"line":21,"column":3}},{"start":{},"end":{}}],"line":17},"2":{"loc":{"start":{"line":18,"column":4},"end":{"line":20,"column":5}},"type":"if","locations":[{"start":{"line":18,"column":4},"end":{"line":20,"column":5}},{"start":{},"end":{}}],"line":18},"3":{"loc":{"start":{"line":18,"column":8},"end":{"line":18,"column":72}},"type":"binary-expr","locations":[{"start":{"line":18,"column":8},"end":{"line":18,"column":38}},{"start":{"line":18,"column":42},"end":{"line":18,"column":72}}],"line":18},"4":{"loc":{"start":{"line":23,"column":2},"end":{"line":25,"column":3}},"type":"if","locations":[{"start":{"line":23,"column":2},"end":{"line":25,"column":3}},{"start":{},"end":{}}],"line":23},"5":{"loc":{"start":{"line":23,"column":6},"end":{"line":23,"column":105}},"type":"binary-expr","locations":[{"start":{"line":23,"column":6},"end":{"line":23,"column":36}},{"start":{"line":23,"column":40},"end":{"line":23,"column":65}},{"start":{"line":23,"column":69},"end":{"line":23,"column":105}}],"line":23},"6":{"loc":{"start":{"line":27,"column":2},"end":{"line":31,"column":3}},"type":"if","locations":[{"start":{"line":27,"column":2},"end":{"line":31,"column":3}},{"start":{},"end":{}}],"line":27},"7":{"loc":{"start":{"line":28,"column":4},"end":{"line":30,"column":5}},"type":"if","locations":[{"start":{"line":28,"column":4},"end":{"line":30,"column":5}},{"start":{},"end":{}}],"line":28},"8":{"loc":{"start":{"line":33,"column":2},"end":{"line":37,"column":3}},"type":"if","locations":[{"start":{"line":33,"column":2},"end":{"line":37,"column":3}},{"start":{},"end":{}}],"line":33},"9":{"loc":{"start":{"line":34,"column":4},"end":{"line":36,"column":5}},"type":"if","locations":[{"start":{"line":34,"column":4},"end":{"line":36,"column":5}},{"start":{},"end":{}}],"line":34},"10":{"loc":{"start":{"line":39,"column":2},"end":{"line":44,"column":3}},"type":"if","locations":[{"start":{"line":39,"column":2},"end":{"line":44,"column":3}},{"start":{},"end":{}}],"line":39},"11":{"loc":{"start":{"line":41,"column":4},"end":{"line":43,"column":5}},"type":"if","locations":[{"start":{"line":41,"column":4},"end":{"line":43,"column":5}},{"start":{},"end":{}}],"line":41},"12":{"loc":{"start":{"line":62,"column":2},"end":{"line":67,"column":3}},"type":"if","locations":[{"start":{"line":62,"column":2},"end":{"line":67,"column":3}},{"start":{},"end":{}}],"line":62},"13":{"loc":{"start":{"line":70,"column":2},"end":{"line":75,"column":3}},"type":"if","locations":[{"start":{"line":70,"column":2},"end":{"line":75,"column":3}},{"start":{},"end":{}}],"line":70},"14":{"loc":{"start":{"line":80,"column":17},"end":{"line":80,"column":61}},"type":"cond-expr","locations":[{"start":{"line":80,"column":45},"end":{"line":80,"column":56}},{"start":{"line":80,"column":59},"end":{"line":80,"column":61}}],"line":80},"15":{"loc":{"start":{"line":81,"column":14},"end":{"line":81,"column":34}},"type":"binary-expr","locations":[{"start":{"line":81,"column":14},"end":{"line":81,"column":22}},{"start":{"line":81,"column":26},"end":{"line":81,"column":34}}],"line":81},"16":{"loc":{"start":{"line":83,"column":13},"end":{"line":83,"column":28}},"type":"binary-expr","locations":[{"start":{"line":83,"column":13},"end":{"line":83,"column":20}},{"start":{"line":83,"column":24},"end":{"line":83,"column":28}}],"line":83},"17":{"loc":{"start":{"line":101,"column":2},"end":{"line":106,"column":3}},"type":"if","locations":[{"start":{"line":101,"column":2},"end":{"line":106,"column":3}},{"start":{},"end":{}}],"line":101},"18":{"loc":{"start":{"line":110,"column":2},"end":{"line":115,"column":3}},"type":"if","locations":[{"start":{"line":110,"column":2},"end":{"line":115,"column":3}},{"start":{},"end":{}}],"line":110},"19":{"loc":{"start":{"line":128,"column":2},"end":{"line":133,"column":3}},"type":"if","locations":[{"start":{"line":128,"column":2},"end":{"line":133,"column":3}},{"start":{},"end":{}}],"line":128},"20":{"loc":{"start":{"line":137,"column":2},"end":{"line":142,"column":3}},"type":"if","locations":[{"start":{"line":137,"column":2},"end":{"line":142,"column":3}},{"start":{},"end":{}}],"line":137},"21":{"loc":{"start":{"line":147,"column":2},"end":{"line":152,"column":3}},"type":"if","locations":[{"start":{"line":147,"column":2},"end":{"line":152,"column":3}},{"start":{},"end":{}}],"line":147},"22":{"loc":{"start":{"line":154,"column":2},"end":{"line":156,"column":3}},"type":"if","locations":[{"start":{"line":154,"column":2},"end":{"line":156,"column":3}},{"start":{},"end":{}}],"line":154},"23":{"loc":{"start":{"line":157,"column":2},"end":{"line":159,"column":3}},"type":"if","locations":[{"start":{"line":157,"column":2},"end":{"line":159,"column":3}},{"start":{},"end":{}}],"line":157},"24":{"loc":{"start":{"line":160,"column":2},"end":{"line":162,"column":3}},"type":"if","locations":[{"start":{"line":160,"column":2},"end":{"line":162,"column":3}},{"start":{},"end":{}}],"line":160},"25":{"loc":{"start":{"line":163,"column":2},"end":{"line":165,"column":3}},"type":"if","locations":[{"start":{"line":163,"column":2},"end":{"line":165,"column":3}},{"start":{},"end":{}}],"line":163},"26":{"loc":{"start":{"line":180,"column":2},"end":{"line":185,"column":3}},"type":"if","locations":[{"start":{"line":180,"column":2},"end":{"line":185,"column":3}},{"start":{},"end":{}}],"line":180},"27":{"loc":{"start":{"line":189,"column":2},"end":{"line":194,"column":3}},"type":"if","locations":[{"start":{"line":189,"column":2},"end":{"line":194,"column":3}},{"start":{},"end":{}}],"line":189},"28":{"loc":{"start":{"line":209,"column":0},"end":{"line":213,"column":1}},"type":"if","locations":[{"start":{"line":209,"column":0},"end":{"line":213,"column":1}},{"start":{},"end":{}}],"line":209}},"s":{"0":1,"1":1,"2":1,"3":1,"4":1,"5":1,"6":1,"7":1,"8":1,"9":43,"10":43,"11":38,"12":1,"13":43,"14":0,"15":43,"16":15,"17":2,"18":43,"19":3,"20":1,"21":43,"22":2,"23":2,"24":1,"25":43,"26":1,"27":6,"28":1,"29":35,"30":35,"31":1,"32":34,"33":34,"34":3,"35":31,"36":31,"37":31,"38":1,"39":8,"40":8,"41":8,"42":2,"43":6,"44":78,"45":6,"46":2,"47":4,"48":1,"49":11,"50":11,"51":11,"52":1,"53":10,"54":148,"55":10,"56":1,"57":9,"58":9,"59":9,"60":2,"61":7,"62":4,"63":7,"64":2,"65":7,"66":2,"67":7,"68":2,"69":7,"70":7,"71":1,"72":6,"73":6,"74":6,"75":1,"76":5,"77":104,"78":5,"79":1,"80":4,"81":4,"82":1,"83":0,"84":1,"85":0,"86":0,"87":1},"f":{"0":43,"1":6,"2":35,"3":8,"4":78,"5":11,"6":148,"7":6,"8":104,"9":0,"10":0},"b":{"0":[1,1],"1":[38,5],"2":[1,37],"3":[38,38],"4":[0,43],"5":[43,4,3],"6":[15,28],"7":[2,13],"8":[3,40],"9":[1,2],"10":[2,41],"11":[1,1],"12":[1,34],"13":[3,31],"14":[2,29],"15":[31,20],"16":[31,30],"17":[2,6],"18":[2,4],"19":[1,10],"20":[1,9],"21":[2,7],"22":[4,3],"23":[2,5],"24":[2,5],"25":[2,5],"26":[1,5],"27":[1,4],"28":[0,1]},"_coverageSchema":"1a1c01bbd47fc00a2c39e90264f33305004495a9","hash":"00ac2d1d64a4f8cca1aa0e44088126718818b008"}
}
