TN:
SF:server.js
FN:14,(anonymous_0)
FN:50,(anonymous_1)
FN:59,(anonymous_2)
FN:97,(anonymous_3)
FN:108,(anonymous_4)
FN:124,(anonymous_5)
FN:135,(anonymous_6)
FN:176,(anonymous_7)
FN:187,(anonymous_8)
FN:205,(anonymous_9)
FN:210,(anonymous_10)
FNF:11
FNH:9
FNDA:43,(anonymous_0)
FNDA:6,(anonymous_1)
FNDA:35,(anonymous_2)
FNDA:8,(anonymous_3)
FNDA:78,(anonymous_4)
FNDA:11,(anonymous_5)
FNDA:148,(anonymous_6)
FNDA:6,(anonymous_7)
FNDA:104,(anonymous_8)
FNDA:0,(anonymous_9)
FNDA:0,(anonymous_10)
DA:1,1
DA:2,1
DA:4,1
DA:5,1
DA:7,1
DA:8,1
DA:10,1
DA:11,1
DA:14,1
DA:15,43
DA:17,43
DA:18,38
DA:19,1
DA:23,43
DA:24,0
DA:27,43
DA:28,15
DA:29,2
DA:33,43
DA:34,3
DA:35,1
DA:39,43
DA:40,2
DA:41,2
DA:42,1
DA:46,43
DA:50,1
DA:51,6
DA:59,1
DA:60,35
DA:62,35
DA:63,1
DA:69,34
DA:70,34
DA:71,3
DA:77,31
DA:88,31
DA:90,31
DA:97,1
DA:98,8
DA:99,8
DA:101,8
DA:102,2
DA:108,78
DA:110,6
DA:111,2
DA:117,4
DA:124,1
DA:125,11
DA:126,11
DA:128,11
DA:129,1
DA:135,148
DA:137,10
DA:138,1
DA:144,9
DA:146,9
DA:147,9
DA:148,2
DA:154,7
DA:155,4
DA:157,7
DA:158,2
DA:160,7
DA:161,2
DA:163,7
DA:164,2
DA:167,7
DA:169,7
DA:176,1
DA:177,6
DA:178,6
DA:180,6
DA:181,1
DA:187,104
DA:189,5
DA:190,1
DA:196,4
DA:198,4
DA:205,1
DA:206,0
DA:209,1
DA:210,0
DA:211,0
DA:215,1
LF:85
LH:81
BRDA:5,0,0,1
BRDA:5,0,1,1
BRDA:17,1,0,38
BRDA:17,1,1,5
BRDA:18,2,0,1
BRDA:18,2,1,37
BRDA:18,3,0,38
BRDA:18,3,1,38
BRDA:23,4,0,0
BRDA:23,4,1,43
BRDA:23,5,0,43
BRDA:23,5,1,4
BRDA:23,5,2,3
BRDA:27,6,0,15
BRDA:27,6,1,28
BRDA:28,7,0,2
BRDA:28,7,1,13
BRDA:33,8,0,3
BRDA:33,8,1,40
BRDA:34,9,0,1
BRDA:34,9,1,2
BRDA:39,10,0,2
BRDA:39,10,1,41
BRDA:41,11,0,1
BRDA:41,11,1,1
BRDA:62,12,0,1
BRDA:62,12,1,34
BRDA:70,13,0,3
BRDA:70,13,1,31
BRDA:80,14,0,2
BRDA:80,14,1,29
BRDA:81,15,0,31
BRDA:81,15,1,20
BRDA:83,16,0,31
BRDA:83,16,1,30
BRDA:101,17,0,2
BRDA:101,17,1,6
BRDA:110,18,0,2
BRDA:110,18,1,4
BRDA:128,19,0,1
BRDA:128,19,1,10
BRDA:137,20,0,1
BRDA:137,20,1,9
BRDA:147,21,0,2
BRDA:147,21,1,7
BRDA:154,22,0,4
BRDA:154,22,1,3
BRDA:157,23,0,2
BRDA:157,23,1,5
BRDA:160,24,0,2
BRDA:160,24,1,5
BRDA:163,25,0,2
BRDA:163,25,1,5
BRDA:180,26,0,1
BRDA:180,26,1,5
BRDA:189,27,0,1
BRDA:189,27,1,4
BRDA:209,28,0,0
BRDA:209,28,1,1
BRF:59
BRH:57
end_of_record
